modules/facetec-sdk/android/build/outputs/logs/manifest-merger-debug-report.txt
-- Merging decision tree log ---
manifest
ADDED from src/main/AndroidManifest.xml:1:1-13:12
INJECTED from src/main/AndroidManifest.xml:1:1-13:12
	package
		INJECTED from src/main/AndroidManifest.xml
	xmlns:android
		ADDED from src/main/AndroidManifest.xml:1:11-69
uses-permission#android.permission.CAMERA
ADDED from src/main/AndroidManifest.xml:2:5-65
	android:name
		ADDED from src/main/AndroidManifest.xml:2:22-62
uses-permission#android.permission.INTERNET
ADDED from src/main/AndroidManifest.xml:3:5-67
	android:name
		ADDED from src/main/AndroidManifest.xml:3:22-64
uses-permission#android.permission.ACCESS_NETWORK_STATE
ADDED from src/main/AndroidManifest.xml:4:5-79
	android:name
		ADDED from src/main/AndroidManifest.xml:4:22-76
uses-feature#android.hardware.camera
ADDED from src/main/AndroidManifest.xml:5:5-84
	android:required
		ADDED from src/main/AndroidManifest.xml:5:58-81
	android:name
		ADDED from src/main/AndroidManifest.xml:5:19-57
application
ADDED from src/main/AndroidManifest.xml:6:5-12:19
activity#com.facetec.sdk.FaceTecActivity
ADDED from src/main/AndroidManifest.xml:7:9-11:52
	android:screenOrientation
		ADDED from src/main/AndroidManifest.xml:11:13-49
	android:hardwareAccelerated
		ADDED from src/main/AndroidManifest.xml:9:13-47
	android:exported
		ADDED from src/main/AndroidManifest.xml:10:13-37
	android:theme
		ADDED from src/main/AndroidManifest.xml:8:13-63
	android:name
		ADDED from src/main/AndroidManifest.xml:7:19-65
uses-sdk
INJECTED from src/main/AndroidManifest.xml reason: use-sdk injection requested
INJECTED from src/main/AndroidManifest.xml
INJECTED from src/main/AndroidManifest.xml
	android:targetSdkVersion
		INJECTED from src/main/AndroidManifest.xml
	android:minSdkVersion
		INJECTED from src/main/AndroidManifest.xml